<?xml version="1.0" encoding="UTF-8"?>
<testng-results skipped="0" failed="0" total="1" passed="1">
  <reporter-output>
  </reporter-output>
  <suite name="Default suite" duration-ms="4309" started-at="2020-01-02T05:20:11Z" finished-at="2020-01-02T05:20:15Z">
    <groups>
    </groups>
    <test name="Default test" duration-ms="4309" started-at="2020-01-02T05:20:11Z" finished-at="2020-01-02T05:20:15Z">
      <class name="tracfonerestapi.GethrefTest">
        <test-method status="PASS" signature="testOUt()[pri:0, instance:tracfonerestapi.GethrefTest@51081592]" name="testOUt" duration-ms="4281" started-at="2020-01-02T10:50:11Z" finished-at="2020-01-02T10:50:15Z">
          <reporter-output>
          </reporter-output>
        </test-method> <!-- testOUt -->
      </class> <!-- tracfonerestapi.GethrefTest -->
    </test> <!-- Default test -->
  </suite> <!-- Default suite -->
</testng-results>
